2017-04-28 19:15:13,474 main INFO  common.TestDriver - Browser=Chrome
2017-04-28 19:15:46,338 main INFO  common.Utilities - Execution Started Method testSecurityCheckRedirectToLoginPage
2017-04-28 19:16:02,551 main INFO  patient.HealPatientLoginPage - Loaded URL: https://patient-dev.heal.com/login
2017-04-28 19:16:02,752 main INFO  patient.RegisterTest - Verification Successfully.
Expected Result = https://patient-dev.heal.com/login
Actual Result = https://patient-dev.heal.com/login
2017-04-28 19:16:08,289 main INFO  patient.HealPatientLoginPage - Loaded URL: http://patient-dev.heal.com/login
2017-04-28 19:16:08,660 main INFO  patient.RegisterTest - Verification Successfully.
Expected Result = https://patient-dev.heal.com/login
Actual Result = https://patient-dev.heal.com/login
2017-04-28 19:16:08,661 main INFO  common.Utilities - Execution Ended Method testSecurityCheckRedirectToLoginPage
2017-04-28 19:16:08,666 main INFO  common.CustomListener - testSecurityCheckRedirectToLoginPage--                 ^^^^^^^^^^^^^^^^^^^^^^^^^^^^^^^^^^^^^^^^^^^^^^^^^^^^^^^^^^^ 
2017-04-28 19:16:08,667 main INFO  common.CustomListener - testSecurityCheckRedirectToLoginPage--                           OOO    KK KK     PPPPP      AA     SSSSSS SSSSSS  
2017-04-28 19:16:08,667 main INFO  common.CustomListener - testSecurityCheckRedirectToLoginPage--                          OO OO   KKK    == PP PPP    AAAA    SSS    SSS     
2017-04-28 19:16:08,668 main INFO  common.CustomListener - testSecurityCheckRedirectToLoginPage--                           OOO    KK KK     PPPPP    AA  AA   SSSSSS SSSSSS  
2017-04-28 19:16:08,668 main INFO  common.CustomListener - testSecurityCheckRedirectToLoginPage--                                            PP      AAAAAAAA     SSS    SSS  
2017-04-28 19:16:08,668 main INFO  common.CustomListener - testSecurityCheckRedirectToLoginPage--                                            PP     AA      AA SSSSSS SSSSSS  
2017-04-28 19:16:08,669 main INFO  common.CustomListener - testSecurityCheckRedirectToLoginPage--                 ^^^^^^^^^^^^^^^^^^^^^^^^^^^^^^^^^^^^^^^^^^^^^^^^^^^^^^^^^^  
2017-04-28 19:16:08,674 main INFO  common.Utilities - Execution Started Method testElementsOfLoginPage
2017-04-28 19:16:13,928 main INFO  patient.RegisterTest - Verification Sucessfully.
Expected Result = Heal - Patient Portal
Actual Result = Heal - Patient Portal
2017-04-28 19:16:26,607 main INFO  patient.RegisterTest - Verification Sucessfully.
Expected Result = Email
Actual Result = Email
2017-04-28 19:16:36,900 main INFO  patient.RegisterTest - Verification Sucessfully.
Expected Result = Password
Actual Result = Password
2017-04-28 19:16:47,187 main INFO  patient.RegisterTest - Verification Sucessfully.
Expected Result = Remember Me
Actual Result = Remember Me
2017-04-28 19:16:57,479 main INFO  patient.RegisterTest - Verification Sucessfully.
Expected Result = Forgot Password
Actual Result = Forgot Password
2017-04-28 19:17:07,796 main INFO  patient.RegisterTest - Verification Sucessfully.
Expected Result = Log In
Actual Result = Log In
2017-04-28 19:17:18,388 main INFO  patient.RegisterTest - Verification Sucessfully.
Expected Result = Register
Actual Result = Register
2017-04-28 19:17:28,727 main INFO  patient.RegisterTest - Verification Sucessfully.
Expected Result = Having trouble? Call Heal 1-844-644-4325 (HEAL) or email support@heal.com.
Actual Result = Having trouble? Call Heal 1-844-644-4325 (HEAL) or email support@heal.com.
2017-04-28 19:17:38,872 main INFO  patient.RegisterTest - Verification Sucessfully.
Expected Result = Privacy Policy
Actual Result = Privacy Policy
2017-04-28 19:17:49,123 main INFO  patient.RegisterTest - Verification Sucessfully.
Expected Result = Terms of Service
Actual Result = Terms of Service
2017-04-28 19:17:59,392 main INFO  patient.RegisterTest - Verification Sucessfully.
Expected Result = Notice of Privacy Practices
Actual Result = Notice of Privacy Practices
2017-04-28 19:18:09,614 main INFO  patient.RegisterTest - Verification Sucessfully.
Expected Result = Nondiscrimination Notice
Actual Result = Nondiscrimination Notice
2017-04-28 19:18:09,704 main INFO  common.Utilities - Execution Ended Method testElementsOfLoginPage
2017-04-28 19:18:09,708 main INFO  common.CustomListener - testElementsOfLoginPage--                 ^^^^^^^^^^^^^^^^^^^^^^^^^^^^^^^^^^^^^^^^^^^^^^^^^^^^^^^^^^^ 
2017-04-28 19:18:09,709 main INFO  common.CustomListener - testElementsOfLoginPage--                           OOO    KK KK     PPPPP      AA     SSSSSS SSSSSS  
2017-04-28 19:18:09,709 main INFO  common.CustomListener - testElementsOfLoginPage--                          OO OO   KKK    == PP PPP    AAAA    SSS    SSS     
2017-04-28 19:18:09,709 main INFO  common.CustomListener - testElementsOfLoginPage--                           OOO    KK KK     PPPPP    AA  AA   SSSSSS SSSSSS  
2017-04-28 19:18:09,710 main INFO  common.CustomListener - testElementsOfLoginPage--                                            PP      AAAAAAAA     SSS    SSS  
2017-04-28 19:18:09,710 main INFO  common.CustomListener - testElementsOfLoginPage--                                            PP     AA      AA SSSSSS SSSSSS  
2017-04-28 19:18:09,710 main INFO  common.CustomListener - testElementsOfLoginPage--                 ^^^^^^^^^^^^^^^^^^^^^^^^^^^^^^^^^^^^^^^^^^^^^^^^^^^^^^^^^^  
2017-04-28 19:18:09,714 main INFO  common.Utilities - Execution Started Method testRegisterLinkFlow
2017-04-28 19:18:17,765 main INFO  patient.RegisterTest - Verification Successfully.
Expected Result = https://patient-dev.heal.com/register
Actual Result = https://patient-dev.heal.com/register
2017-04-28 19:18:17,766 main INFO  common.Utilities - Execution Ended Method testRegisterLinkFlow
2017-04-28 19:18:17,770 main INFO  common.CustomListener - testRegisterLinkFlow--                 ^^^^^^^^^^^^^^^^^^^^^^^^^^^^^^^^^^^^^^^^^^^^^^^^^^^^^^^^^^^ 
2017-04-28 19:18:17,770 main INFO  common.CustomListener - testRegisterLinkFlow--                           OOO    KK KK     PPPPP      AA     SSSSSS SSSSSS  
2017-04-28 19:18:17,770 main INFO  common.CustomListener - testRegisterLinkFlow--                          OO OO   KKK    == PP PPP    AAAA    SSS    SSS     
2017-04-28 19:18:17,771 main INFO  common.CustomListener - testRegisterLinkFlow--                           OOO    KK KK     PPPPP    AA  AA   SSSSSS SSSSSS  
2017-04-28 19:18:17,771 main INFO  common.CustomListener - testRegisterLinkFlow--                                            PP      AAAAAAAA     SSS    SSS  
2017-04-28 19:18:17,771 main INFO  common.CustomListener - testRegisterLinkFlow--                                            PP     AA      AA SSSSSS SSSSSS  
2017-04-28 19:18:17,771 main INFO  common.CustomListener - testRegisterLinkFlow--                 ^^^^^^^^^^^^^^^^^^^^^^^^^^^^^^^^^^^^^^^^^^^^^^^^^^^^^^^^^^  
2017-04-28 19:18:17,776 main INFO  common.Utilities - Execution Started Method testLogInFormWithBlankData
2017-04-28 19:18:21,231 main INFO  patient.HealPatientLoginPage - Loaded URL: https://patient-dev.heal.com/login
2017-04-28 19:18:34,114 main INFO  patient.RegisterTest - Verification Sucessfully.
Expected Result = Username Is Required
Actual Result = Username Is Required
2017-04-28 19:18:44,535 main INFO  patient.RegisterTest - Verification Sucessfully.
Expected Result = Password Is Required
Actual Result = Password Is Required
2017-04-28 19:18:57,602 main INFO  patient.RegisterTest - Verification Sucessfully.
Expected Result = Password Is Required
Actual Result = Password Is Required
2017-04-28 19:19:09,619 main INFO  patient.RegisterTest - Verification Sucessfully.
Expected Result = Username Is Required
Actual Result = Username Is Required
2017-04-28 19:19:09,620 main INFO  common.Utilities - Execution Ended Method testLogInFormWithBlankData
2017-04-28 19:19:09,623 main INFO  common.CustomListener - testLogInFormWithBlankData--                 ^^^^^^^^^^^^^^^^^^^^^^^^^^^^^^^^^^^^^^^^^^^^^^^^^^^^^^^^^^^ 
2017-04-28 19:19:09,624 main INFO  common.CustomListener - testLogInFormWithBlankData--                           OOO    KK KK     PPPPP      AA     SSSSSS SSSSSS  
2017-04-28 19:19:09,624 main INFO  common.CustomListener - testLogInFormWithBlankData--                          OO OO   KKK    == PP PPP    AAAA    SSS    SSS     
2017-04-28 19:19:09,624 main INFO  common.CustomListener - testLogInFormWithBlankData--                           OOO    KK KK     PPPPP    AA  AA   SSSSSS SSSSSS  
2017-04-28 19:19:09,624 main INFO  common.CustomListener - testLogInFormWithBlankData--                                            PP      AAAAAAAA     SSS    SSS  
2017-04-28 19:19:09,625 main INFO  common.CustomListener - testLogInFormWithBlankData--                                            PP     AA      AA SSSSSS SSSSSS  
2017-04-28 19:19:09,625 main INFO  common.CustomListener - testLogInFormWithBlankData--                 ^^^^^^^^^^^^^^^^^^^^^^^^^^^^^^^^^^^^^^^^^^^^^^^^^^^^^^^^^^  
2017-04-28 19:19:09,630 main INFO  common.Utilities - Execution Started Method testValidationOfLoginForm
2017-04-28 19:19:27,968 main INFO  patient.RegisterTest - Verification Sucessfully.
Expected Result = Your email address and password don’t seem to match. Please try again. If you need help, please call 844-644-4325.
Actual Result = Your email address and password don’t seem to match. Please try again. If you need help, please call 844-644-4325.
2017-04-28 19:19:39,377 main INFO  patient.RegisterTest - Verification Sucessfully.
Expected Result = Your email address and password don’t seem to match. Please try again. If you need help, please call 844-644-4325.
Actual Result = Your email address and password don’t seem to match. Please try again. If you need help, please call 844-644-4325.
2017-04-28 19:19:50,662 main INFO  patient.RegisterTest - Verification Sucessfully.
Expected Result = Your email address and password don’t seem to match. Please try again. If you need help, please call 844-644-4325.
Actual Result = Your email address and password don’t seem to match. Please try again. If you need help, please call 844-644-4325.
2017-04-28 19:19:50,663 main INFO  common.Utilities - Execution Ended Method testValidationOfLoginForm
2017-04-28 19:19:50,666 main INFO  common.CustomListener - testValidationOfLoginForm--                 ^^^^^^^^^^^^^^^^^^^^^^^^^^^^^^^^^^^^^^^^^^^^^^^^^^^^^^^^^^^ 
2017-04-28 19:19:50,666 main INFO  common.CustomListener - testValidationOfLoginForm--                           OOO    KK KK     PPPPP      AA     SSSSSS SSSSSS  
2017-04-28 19:19:50,667 main INFO  common.CustomListener - testValidationOfLoginForm--                          OO OO   KKK    == PP PPP    AAAA    SSS    SSS     
2017-04-28 19:19:50,667 main INFO  common.CustomListener - testValidationOfLoginForm--                           OOO    KK KK     PPPPP    AA  AA   SSSSSS SSSSSS  
2017-04-28 19:19:50,667 main INFO  common.CustomListener - testValidationOfLoginForm--                                            PP      AAAAAAAA     SSS    SSS  
2017-04-28 19:19:50,667 main INFO  common.CustomListener - testValidationOfLoginForm--                                            PP     AA      AA SSSSSS SSSSSS  
2017-04-28 19:19:50,667 main INFO  common.CustomListener - testValidationOfLoginForm--                 ^^^^^^^^^^^^^^^^^^^^^^^^^^^^^^^^^^^^^^^^^^^^^^^^^^^^^^^^^^  
2017-04-28 19:19:50,671 main INFO  common.Utilities - Execution Started Method testNormsAndConditionsLink
2017-04-28 19:19:54,703 main INFO  patient.HealPatientLoginPage - Loaded URL: https://patient-dev.heal.com/login
2017-04-28 19:20:09,686 main INFO  patient.RegisterTest - Verification Successfully.
Expected Result = https://heal.com/privacy.php
Actual Result = https://heal.com/privacy.php
2017-04-28 19:20:09,710 main INFO  patient.RegisterTest - Verification Sucessfully.
Expected Result = Heal – Our Privacy Policy
Actual Result = Heal – Our Privacy Policy
2017-04-28 19:20:19,851 main INFO  patient.RegisterTest - Verification Sucessfully.
Expected Result = HEAL PRIVACY POLICY
Actual Result = HEAL PRIVACY POLICY
2017-04-28 19:20:24,659 main INFO  patient.RegisterTest - Verification Successfully.
Expected Result = https://heal.com/terms.php
Actual Result = https://heal.com/terms.php
2017-04-28 19:20:24,690 main INFO  patient.RegisterTest - Verification Sucessfully.
Expected Result = Heal – Terms and Conditions
Actual Result = Heal – Terms and Conditions
2017-04-28 19:20:34,814 main INFO  patient.RegisterTest - Verification Sucessfully.
Expected Result = TERMS OF SERVICE FOR HEAL
Actual Result = TERMS OF SERVICE FOR HEAL
2017-04-28 19:20:44,104 main INFO  patient.RegisterTest - Verification Successfully.
Expected Result = https://heal.com/practices.php
Actual Result = https://heal.com/practices.php
2017-04-28 19:20:44,118 main INFO  patient.RegisterTest - Verification Sucessfully.
Expected Result = Heal – Notice of Privacy Practices
Actual Result = Heal – Notice of Privacy Practices
2017-04-28 19:20:54,268 main INFO  patient.RegisterTest - Verification Sucessfully.
Expected Result = HEAL™
NOTICE OF PRIVACY PRACTICES
Actual Result = HEAL™
NOTICE OF PRIVACY PRACTICES
2017-04-28 19:20:57,631 main INFO  patient.RegisterTest - Verification Successfully.
Expected Result = https://heal.com/nondiscrimination.php
Actual Result = https://heal.com/nondiscrimination.php
2017-04-28 19:20:57,708 main INFO  patient.RegisterTest - Verification Sucessfully.
Expected Result = Heal – Nondiscrimination
Actual Result = Heal – Nondiscrimination
2017-04-28 19:21:07,820 main INFO  patient.RegisterTest - Verification Sucessfully.
Expected Result = Notice Informing Individuals About Nondiscrimination and Accessibility Requirements
Actual Result = Notice Informing Individuals About Nondiscrimination and Accessibility Requirements
2017-04-28 19:21:07,928 main INFO  common.Utilities - Execution Ended Method testNormsAndConditionsLink
2017-04-28 19:21:07,932 main INFO  common.CustomListener - testNormsAndConditionsLink--                 ^^^^^^^^^^^^^^^^^^^^^^^^^^^^^^^^^^^^^^^^^^^^^^^^^^^^^^^^^^^ 
2017-04-28 19:21:07,932 main INFO  common.CustomListener - testNormsAndConditionsLink--                           OOO    KK KK     PPPPP      AA     SSSSSS SSSSSS  
2017-04-28 19:21:07,933 main INFO  common.CustomListener - testNormsAndConditionsLink--                          OO OO   KKK    == PP PPP    AAAA    SSS    SSS     
2017-04-28 19:21:07,933 main INFO  common.CustomListener - testNormsAndConditionsLink--                           OOO    KK KK     PPPPP    AA  AA   SSSSSS SSSSSS  
2017-04-28 19:21:07,933 main INFO  common.CustomListener - testNormsAndConditionsLink--                                            PP      AAAAAAAA     SSS    SSS  
2017-04-28 19:21:07,933 main INFO  common.CustomListener - testNormsAndConditionsLink--                                            PP     AA      AA SSSSSS SSSSSS  
2017-04-28 19:21:07,933 main INFO  common.CustomListener - testNormsAndConditionsLink--                 ^^^^^^^^^^^^^^^^^^^^^^^^^^^^^^^^^^^^^^^^^^^^^^^^^^^^^^^^^^  
2017-04-28 19:21:07,938 main INFO  common.Utilities - Execution Started Method testloginWithValidCredentails
2017-04-28 19:21:14,882 main INFO  patient.HealPatientLoginPage - Logged in with email: AutoTest_18-62Years@heal.com 
2017-04-28 19:21:23,781 main INFO  patient.HealPatientLoginPage - Logged In
2017-04-28 19:21:34,390 main INFO  patient.RegisterTest - Verification Sucessfully.
Expected Result = AutoTest 18-62Years
Actual Result = AutoTest 18-62Years
2017-04-28 19:21:38,364 main INFO  patient.HealPatientLoginPage - Logged Out
2017-04-28 19:21:38,365 main INFO  common.Utilities - Execution Ended Method testloginWithValidCredentails
2017-04-28 19:21:38,368 main INFO  common.CustomListener - testloginWithValidCredentails--                 ^^^^^^^^^^^^^^^^^^^^^^^^^^^^^^^^^^^^^^^^^^^^^^^^^^^^^^^^^^^ 
2017-04-28 19:21:38,368 main INFO  common.CustomListener - testloginWithValidCredentails--                           OOO    KK KK     PPPPP      AA     SSSSSS SSSSSS  
2017-04-28 19:21:38,368 main INFO  common.CustomListener - testloginWithValidCredentails--                          OO OO   KKK    == PP PPP    AAAA    SSS    SSS     
2017-04-28 19:21:38,369 main INFO  common.CustomListener - testloginWithValidCredentails--                           OOO    KK KK     PPPPP    AA  AA   SSSSSS SSSSSS  
2017-04-28 19:21:38,369 main INFO  common.CustomListener - testloginWithValidCredentails--                                            PP      AAAAAAAA     SSS    SSS  
2017-04-28 19:21:38,369 main INFO  common.CustomListener - testloginWithValidCredentails--                                            PP     AA      AA SSSSSS SSSSSS  
2017-04-28 19:21:38,369 main INFO  common.CustomListener - testloginWithValidCredentails--                 ^^^^^^^^^^^^^^^^^^^^^^^^^^^^^^^^^^^^^^^^^^^^^^^^^^^^^^^^^^  
2017-04-28 19:21:38,378 main INFO  common.Utilities - Execution Started Method testSecurityCheckRedirectToRegisterPage
2017-04-28 19:21:43,671 main INFO  patient.RegisterPage - Loaded URL: https://patient-dev.heal.com
2017-04-28 19:21:43,727 main INFO  patient.RegisterTest - Verification Successfully.
Expected Result = https://patient-dev.heal.com/register
Actual Result = https://patient-dev.heal.com/register
2017-04-28 19:21:51,462 main INFO  patient.RegisterPage - Loaded URL: http://patient-dev.heal.com/register
2017-04-28 19:21:51,484 main INFO  patient.RegisterTest - Verification Successfully.
Expected Result = https://patient-dev.heal.com/register
Actual Result = https://patient-dev.heal.com/register
2017-04-28 19:21:51,484 main INFO  common.Utilities - Execution Ended Method testSecurityCheckRedirectToRegisterPage
2017-04-28 19:21:51,487 main INFO  common.CustomListener - testSecurityCheckRedirectToRegisterPage--                 ^^^^^^^^^^^^^^^^^^^^^^^^^^^^^^^^^^^^^^^^^^^^^^^^^^^^^^^^^^^ 
2017-04-28 19:21:51,488 main INFO  common.CustomListener - testSecurityCheckRedirectToRegisterPage--                           OOO    KK KK     PPPPP      AA     SSSSSS SSSSSS  
2017-04-28 19:21:51,488 main INFO  common.CustomListener - testSecurityCheckRedirectToRegisterPage--                          OO OO   KKK    == PP PPP    AAAA    SSS    SSS     
2017-04-28 19:21:51,488 main INFO  common.CustomListener - testSecurityCheckRedirectToRegisterPage--                           OOO    KK KK     PPPPP    AA  AA   SSSSSS SSSSSS  
2017-04-28 19:21:51,489 main INFO  common.CustomListener - testSecurityCheckRedirectToRegisterPage--                                            PP      AAAAAAAA     SSS    SSS  
2017-04-28 19:21:51,489 main INFO  common.CustomListener - testSecurityCheckRedirectToRegisterPage--                                            PP     AA      AA SSSSSS SSSSSS  
2017-04-28 19:21:51,489 main INFO  common.CustomListener - testSecurityCheckRedirectToRegisterPage--                 ^^^^^^^^^^^^^^^^^^^^^^^^^^^^^^^^^^^^^^^^^^^^^^^^^^^^^^^^^^  
2017-04-28 19:21:51,493 main INFO  common.Utilities - Execution Started Method testElementsOfRegisterPage
2017-04-28 19:21:57,839 main INFO  patient.RegisterPage - Loaded URL: https://patient-dev.heal.com
2017-04-28 19:21:58,217 main INFO  patient.RegisterTest - Verification Sucessfully.
Expected Result = Heal - Patient Portal
Actual Result = Heal - Patient Portal
2017-04-28 19:22:08,839 main INFO  patient.RegisterTest - Verification Sucessfully.
Expected Result = First Name
Actual Result = First Name
2017-04-28 19:22:19,267 main INFO  patient.RegisterTest - Verification Sucessfully.
Expected Result = Last Name
Actual Result = Last Name
2017-04-28 19:22:29,570 main INFO  patient.RegisterTest - Verification Sucessfully.
Expected Result = Email
Actual Result = Email
2017-04-28 19:22:39,913 main INFO  patient.RegisterTest - Verification Sucessfully.
Expected Result = Password
Actual Result = Password
2017-04-28 19:22:50,232 main INFO  patient.RegisterTest - Verification Sucessfully.
Expected Result = Confirm Password
Actual Result = Confirm Password
2017-04-28 19:23:00,505 main INFO  patient.RegisterTest - Verification Sucessfully.
Expected Result = Phone Number
Actual Result = Phone Number
2017-04-28 19:23:10,786 main INFO  patient.RegisterTest - Verification Sucessfully.
Expected Result = Zipcode
Actual Result = Zipcode
2017-04-28 19:23:21,059 main INFO  patient.RegisterTest - Verification Sucessfully.
Expected Result = Remember Me
Actual Result = Remember Me
2017-04-28 19:23:31,337 main INFO  patient.RegisterTest - Verification Sucessfully.
Expected Result = Create Account
Actual Result = Create Account
2017-04-28 19:23:41,575 main INFO  patient.RegisterTest - Verification Sucessfully.
Expected Result = Already have an account? Log in
Actual Result = Already have an account? Log in
2017-04-28 19:23:51,825 main INFO  patient.RegisterTest - Verification Sucessfully.
Expected Result = Having trouble? Call Heal 1-844-644-4325 (HEAL) or email support@heal.com.
Actual Result = Having trouble? Call Heal 1-844-644-4325 (HEAL) or email support@heal.com.
2017-04-28 19:24:02,024 main INFO  patient.RegisterTest - Verification Sucessfully.
Expected Result = Privacy Policy
Actual Result = Privacy Policy
2017-04-28 19:24:12,273 main INFO  patient.RegisterTest - Verification Sucessfully.
Expected Result = Terms of Service
Actual Result = Terms of Service
2017-04-28 19:24:22,523 main INFO  patient.RegisterTest - Verification Sucessfully.
Expected Result = Notice of Privacy Practices
Actual Result = Notice of Privacy Practices
2017-04-28 19:24:32,743 main INFO  patient.RegisterTest - Verification Sucessfully.
Expected Result = Nondiscrimination Notice
Actual Result = Nondiscrimination Notice
2017-04-28 19:24:32,848 main INFO  common.Utilities - Execution Ended Method testElementsOfRegisterPage
2017-04-28 19:24:32,851 main INFO  common.CustomListener - testElementsOfRegisterPage--                 ^^^^^^^^^^^^^^^^^^^^^^^^^^^^^^^^^^^^^^^^^^^^^^^^^^^^^^^^^^^ 
2017-04-28 19:24:32,852 main INFO  common.CustomListener - testElementsOfRegisterPage--                           OOO    KK KK     PPPPP      AA     SSSSSS SSSSSS  
2017-04-28 19:24:32,852 main INFO  common.CustomListener - testElementsOfRegisterPage--                          OO OO   KKK    == PP PPP    AAAA    SSS    SSS     
2017-04-28 19:24:32,852 main INFO  common.CustomListener - testElementsOfRegisterPage--                           OOO    KK KK     PPPPP    AA  AA   SSSSSS SSSSSS  
2017-04-28 19:24:32,852 main INFO  common.CustomListener - testElementsOfRegisterPage--                                            PP      AAAAAAAA     SSS    SSS  
2017-04-28 19:24:32,853 main INFO  common.CustomListener - testElementsOfRegisterPage--                                            PP     AA      AA SSSSSS SSSSSS  
2017-04-28 19:24:32,853 main INFO  common.CustomListener - testElementsOfRegisterPage--                 ^^^^^^^^^^^^^^^^^^^^^^^^^^^^^^^^^^^^^^^^^^^^^^^^^^^^^^^^^^  
2017-04-28 19:24:32,857 main INFO  common.Utilities - Execution Started Method testRegisterFormWithBlankData
2017-04-28 19:24:39,047 main INFO  patient.RegisterPage - Loaded URL: https://patient-dev.heal.com
2017-04-28 19:24:49,812 main INFO  patient.RegisterTest - Verification Sucessfully.
Expected Result = First Name Is Required
Actual Result = First Name Is Required
2017-04-28 19:24:59,973 main INFO  patient.RegisterTest - Verification Sucessfully.
Expected Result = Last Name Is Required
Actual Result = Last Name Is Required
2017-04-28 19:25:10,113 main INFO  patient.RegisterTest - Verification Sucessfully.
Expected Result = Email Is Required
Actual Result = Email Is Required
2017-04-28 19:25:20,251 main INFO  patient.RegisterTest - Verification Sucessfully.
Expected Result = Password Is Required
Actual Result = Password Is Required
2017-04-28 19:25:30,403 main INFO  patient.RegisterTest - Verification Sucessfully.
Expected Result = Phone Number Is Required.
Actual Result = Phone Number Is Required.
2017-04-28 19:25:40,569 main INFO  patient.RegisterTest - Verification Sucessfully.
Expected Result = Zipcode Is Required.
Actual Result = Zipcode Is Required.
2017-04-28 19:25:40,570 main INFO  common.Utilities - Execution Ended Method testRegisterFormWithBlankData
2017-04-28 19:25:40,574 main INFO  common.CustomListener - testRegisterFormWithBlankData--                 ^^^^^^^^^^^^^^^^^^^^^^^^^^^^^^^^^^^^^^^^^^^^^^^^^^^^^^^^^^^ 
2017-04-28 19:25:40,575 main INFO  common.CustomListener - testRegisterFormWithBlankData--                           OOO    KK KK     PPPPP      AA     SSSSSS SSSSSS  
2017-04-28 19:25:40,575 main INFO  common.CustomListener - testRegisterFormWithBlankData--                          OO OO   KKK    == PP PPP    AAAA    SSS    SSS     
2017-04-28 19:25:40,575 main INFO  common.CustomListener - testRegisterFormWithBlankData--                           OOO    KK KK     PPPPP    AA  AA   SSSSSS SSSSSS  
2017-04-28 19:25:40,575 main INFO  common.CustomListener - testRegisterFormWithBlankData--                                            PP      AAAAAAAA     SSS    SSS  
2017-04-28 19:25:40,575 main INFO  common.CustomListener - testRegisterFormWithBlankData--                                            PP     AA      AA SSSSSS SSSSSS  
2017-04-28 19:25:40,576 main INFO  common.CustomListener - testRegisterFormWithBlankData--                 ^^^^^^^^^^^^^^^^^^^^^^^^^^^^^^^^^^^^^^^^^^^^^^^^^^^^^^^^^^  
2017-04-28 19:25:40,579 main INFO  common.Utilities - Execution Started Method testBrowserbackButtonFlow
2017-04-28 19:25:40,579 main INFO  patient.RegisterPage - .....Heal New Patient Registration......
2017-04-28 19:25:54,138 main INFO  patient.RegisterPage - Email: 28April2017_072552_@heal.com
2017-04-28 19:25:54,681 main INFO  patient.RegisterPage - Password: Heal@123
2017-04-28 19:26:21,485 main INFO  patient.RegisterTest - Verification Sucessfully.
Expected Result = TestFirstName TestLastName
Actual Result = TestFirstName TestLastName
2017-04-28 19:26:26,042 main INFO  patient.HealPatientLoginPage - Logged Out
2017-04-28 19:26:26,043 main INFO  common.Utilities - Execution Ended Method testBrowserbackButtonFlow
2017-04-28 19:26:26,046 main INFO  common.CustomListener - testBrowserbackButtonFlow--                 ^^^^^^^^^^^^^^^^^^^^^^^^^^^^^^^^^^^^^^^^^^^^^^^^^^^^^^^^^^^ 
2017-04-28 19:26:26,046 main INFO  common.CustomListener - testBrowserbackButtonFlow--                           OOO    KK KK     PPPPP      AA     SSSSSS SSSSSS  
2017-04-28 19:26:26,046 main INFO  common.CustomListener - testBrowserbackButtonFlow--                          OO OO   KKK    == PP PPP    AAAA    SSS    SSS     
2017-04-28 19:26:26,046 main INFO  common.CustomListener - testBrowserbackButtonFlow--                           OOO    KK KK     PPPPP    AA  AA   SSSSSS SSSSSS  
2017-04-28 19:26:26,046 main INFO  common.CustomListener - testBrowserbackButtonFlow--                                            PP      AAAAAAAA     SSS    SSS  
2017-04-28 19:26:26,047 main INFO  common.CustomListener - testBrowserbackButtonFlow--                                            PP     AA      AA SSSSSS SSSSSS  
2017-04-28 19:26:26,047 main INFO  common.CustomListener - testBrowserbackButtonFlow--                 ^^^^^^^^^^^^^^^^^^^^^^^^^^^^^^^^^^^^^^^^^^^^^^^^^^^^^^^^^^  
2017-04-28 19:26:26,050 main INFO  common.Utilities - Execution Started Method testLogInLinkFlow
2017-04-28 19:26:35,070 main INFO  patient.RegisterPage - Loaded URL: https://patient-dev.heal.com
2017-04-28 19:26:35,789 main INFO  patient.RegisterTest - Verification Successfully.
Expected Result = https://patient-dev.heal.com/login
Actual Result = https://patient-dev.heal.com/login
2017-04-28 19:26:35,790 main INFO  common.Utilities - Execution Ended Method testLogInLinkFlow
2017-04-28 19:26:35,792 main INFO  common.CustomListener - testLogInLinkFlow--                 ^^^^^^^^^^^^^^^^^^^^^^^^^^^^^^^^^^^^^^^^^^^^^^^^^^^^^^^^^^^ 
2017-04-28 19:26:35,792 main INFO  common.CustomListener - testLogInLinkFlow--                           OOO    KK KK     PPPPP      AA     SSSSSS SSSSSS  
2017-04-28 19:26:35,793 main INFO  common.CustomListener - testLogInLinkFlow--                          OO OO   KKK    == PP PPP    AAAA    SSS    SSS     
2017-04-28 19:26:35,793 main INFO  common.CustomListener - testLogInLinkFlow--                           OOO    KK KK     PPPPP    AA  AA   SSSSSS SSSSSS  
2017-04-28 19:26:35,793 main INFO  common.CustomListener - testLogInLinkFlow--                                            PP      AAAAAAAA     SSS    SSS  
2017-04-28 19:26:35,793 main INFO  common.CustomListener - testLogInLinkFlow--                                            PP     AA      AA SSSSSS SSSSSS  
2017-04-28 19:26:35,793 main INFO  common.CustomListener - testLogInLinkFlow--                 ^^^^^^^^^^^^^^^^^^^^^^^^^^^^^^^^^^^^^^^^^^^^^^^^^^^^^^^^^^  
2017-04-28 19:26:35,842 main INFO  common.Utilities - Execution Started Method testRegisterWithValidData
2017-04-28 19:26:35,843 main INFO  patient.RegisterPage - .....Heal New Patient Registration......
2017-04-28 19:26:43,768 main INFO  patient.RegisterPage - Email: 28April2017_072642_@heal.com
2017-04-28 19:26:44,431 main INFO  patient.RegisterPage - Password: Heal@123
2017-04-28 19:27:07,109 main INFO  patient.RegisterTest - Verification Sucessfully.
Expected Result = TestFirstName TestLastName
Actual Result = TestFirstName TestLastName
2017-04-28 19:27:14,342 main INFO  patient.HealPatientLoginPage - Logged Out
2017-04-28 19:27:14,343 main INFO  common.Utilities - Execution Ended Method testRegisterWithValidData
2017-04-28 19:27:14,345 main INFO  common.CustomListener - testRegisterWithValidData--                 ^^^^^^^^^^^^^^^^^^^^^^^^^^^^^^^^^^^^^^^^^^^^^^^^^^^^^^^^^^^ 
2017-04-28 19:27:14,346 main INFO  common.CustomListener - testRegisterWithValidData--                           OOO    KK KK     PPPPP      AA     SSSSSS SSSSSS  
2017-04-28 19:27:14,346 main INFO  common.CustomListener - testRegisterWithValidData--                          OO OO   KKK    == PP PPP    AAAA    SSS    SSS     
2017-04-28 19:27:14,346 main INFO  common.CustomListener - testRegisterWithValidData--                           OOO    KK KK     PPPPP    AA  AA   SSSSSS SSSSSS  
2017-04-28 19:27:14,346 main INFO  common.CustomListener - testRegisterWithValidData--                                            PP      AAAAAAAA     SSS    SSS  
2017-04-28 19:27:14,346 main INFO  common.CustomListener - testRegisterWithValidData--                                            PP     AA      AA SSSSSS SSSSSS  
2017-04-28 19:27:14,347 main INFO  common.CustomListener - testRegisterWithValidData--                 ^^^^^^^^^^^^^^^^^^^^^^^^^^^^^^^^^^^^^^^^^^^^^^^^^^^^^^^^^^  
2017-04-28 19:27:14,350 main INFO  common.Utilities - Execution Started Method testUnsupportedZipcodeElements
2017-04-28 19:27:14,351 main INFO  patient.RegisterPage - .....Heal New Patient Registration......
2017-04-28 19:27:22,592 main INFO  patient.RegisterPage - Email: 28April2017_072721_@heal.com
2017-04-28 19:27:23,166 main INFO  patient.RegisterPage - Password: Heal@123
2017-04-28 19:27:36,090 main INFO  patient.RegisterTest - Verification Sucessfully.
Expected Result = We're Not in Your Area...yet!
Actual Result = We're Not in Your Area...yet!
2017-04-28 19:27:46,250 main INFO  patient.RegisterTest - Verification Sucessfully.
Expected Result = Heal is not available in your area at this time. Do you want to continue signing up?
Actual Result = Heal is not available in your area at this time. Do you want to continue signing up?
2017-04-28 19:27:56,402 main INFO  patient.RegisterTest - Verification Sucessfully.
Expected Result = Continue
Actual Result = Continue
2017-04-28 19:28:06,620 main INFO  patient.RegisterTest - Verification Sucessfully.
Expected Result = Or
Actual Result = Or
2017-04-28 19:28:16,754 main INFO  patient.RegisterTest - Verification Sucessfully.
Expected Result = Get excited! Heal may be launching a service area near you soon. Enter your email address to be notified when Heal comes to your area
Actual Result = Get excited! Heal may be launching a service area near you soon. Enter your email address to be notified when Heal comes to your area
2017-04-28 19:28:26,923 main INFO  patient.RegisterTest - Verification Sucessfully.
Expected Result = Notify Me
Actual Result = Notify Me
2017-04-28 19:28:27,140 main INFO  common.Utilities - Execution Ended Method testUnsupportedZipcodeElements
2017-04-28 19:28:27,143 main INFO  common.CustomListener - testUnsupportedZipcodeElements--                 ^^^^^^^^^^^^^^^^^^^^^^^^^^^^^^^^^^^^^^^^^^^^^^^^^^^^^^^^^^^ 
2017-04-28 19:28:27,143 main INFO  common.CustomListener - testUnsupportedZipcodeElements--                           OOO    KK KK     PPPPP      AA     SSSSSS SSSSSS  
2017-04-28 19:28:27,143 main INFO  common.CustomListener - testUnsupportedZipcodeElements--                          OO OO   KKK    == PP PPP    AAAA    SSS    SSS     
2017-04-28 19:28:27,144 main INFO  common.CustomListener - testUnsupportedZipcodeElements--                           OOO    KK KK     PPPPP    AA  AA   SSSSSS SSSSSS  
2017-04-28 19:28:27,144 main INFO  common.CustomListener - testUnsupportedZipcodeElements--                                            PP      AAAAAAAA     SSS    SSS  
2017-04-28 19:28:27,144 main INFO  common.CustomListener - testUnsupportedZipcodeElements--                                            PP     AA      AA SSSSSS SSSSSS  
2017-04-28 19:28:27,145 main INFO  common.CustomListener - testUnsupportedZipcodeElements--                 ^^^^^^^^^^^^^^^^^^^^^^^^^^^^^^^^^^^^^^^^^^^^^^^^^^^^^^^^^^  
2017-04-28 19:28:27,148 main INFO  common.Utilities - Execution Started Method testUnsupportedZipcodeContinue
2017-04-28 19:28:27,148 main INFO  patient.RegisterPage - .....Heal New Patient Registration......
2017-04-28 19:28:35,975 main INFO  patient.RegisterPage - Email: 28April2017_072834_@heal.com
2017-04-28 19:28:36,584 main INFO  patient.RegisterPage - Password: Heal@123
2017-04-28 19:28:51,048 main INFO  patient.RegisterTest - Verification Sucessfully.
Expected Result = TestFirstName TestLastName
Actual Result = TestFirstName TestLastName
2017-04-28 19:28:54,659 main INFO  patient.HealPatientLoginPage - Logged Out
2017-04-28 19:28:54,660 main INFO  common.Utilities - Execution Ended Method testUnsupportedZipcodeContinue
2017-04-28 19:28:54,668 main INFO  common.CustomListener - testUnsupportedZipcodeContinue--                 ^^^^^^^^^^^^^^^^^^^^^^^^^^^^^^^^^^^^^^^^^^^^^^^^^^^^^^^^^^^ 
2017-04-28 19:28:54,668 main INFO  common.CustomListener - testUnsupportedZipcodeContinue--                           OOO    KK KK     PPPPP      AA     SSSSSS SSSSSS  
2017-04-28 19:28:54,669 main INFO  common.CustomListener - testUnsupportedZipcodeContinue--                          OO OO   KKK    == PP PPP    AAAA    SSS    SSS     
2017-04-28 19:28:54,669 main INFO  common.CustomListener - testUnsupportedZipcodeContinue--                           OOO    KK KK     PPPPP    AA  AA   SSSSSS SSSSSS  
2017-04-28 19:28:54,669 main INFO  common.CustomListener - testUnsupportedZipcodeContinue--                                            PP      AAAAAAAA     SSS    SSS  
2017-04-28 19:28:54,669 main INFO  common.CustomListener - testUnsupportedZipcodeContinue--                                            PP     AA      AA SSSSSS SSSSSS  
2017-04-28 19:28:54,669 main INFO  common.CustomListener - testUnsupportedZipcodeContinue--                 ^^^^^^^^^^^^^^^^^^^^^^^^^^^^^^^^^^^^^^^^^^^^^^^^^^^^^^^^^^  
2017-04-28 19:28:54,673 main INFO  common.Utilities - Execution Started Method testRegisterWithExistingUserName
2017-04-28 19:28:54,673 main INFO  patient.RegisterPage - .....Heal New Patient Registration......
2017-04-28 19:29:03,056 main INFO  patient.RegisterPage - Password: Heal@123
2017-04-28 19:29:14,926 main INFO  patient.RegisterTest - Verification Sucessfully.
Expected Result = Username already exists. Please login or reset your password.
Actual Result = Username already exists. Please login or reset your password.
2017-04-28 19:29:14,927 main INFO  common.Utilities - Execution Started Method testRegisterWithExistingUserName
2017-04-28 19:29:14,930 main INFO  common.CustomListener - testRegisterWithExistingUserName--                 ^^^^^^^^^^^^^^^^^^^^^^^^^^^^^^^^^^^^^^^^^^^^^^^^^^^^^^^^^^^ 
2017-04-28 19:29:14,930 main INFO  common.CustomListener - testRegisterWithExistingUserName--                           OOO    KK KK     PPPPP      AA     SSSSSS SSSSSS  
2017-04-28 19:29:14,931 main INFO  common.CustomListener - testRegisterWithExistingUserName--                          OO OO   KKK    == PP PPP    AAAA    SSS    SSS     
2017-04-28 19:29:14,931 main INFO  common.CustomListener - testRegisterWithExistingUserName--                           OOO    KK KK     PPPPP    AA  AA   SSSSSS SSSSSS  
2017-04-28 19:29:14,931 main INFO  common.CustomListener - testRegisterWithExistingUserName--                                            PP      AAAAAAAA     SSS    SSS  
2017-04-28 19:29:14,931 main INFO  common.CustomListener - testRegisterWithExistingUserName--                                            PP     AA      AA SSSSSS SSSSSS  
2017-04-28 19:29:14,931 main INFO  common.CustomListener - testRegisterWithExistingUserName--                 ^^^^^^^^^^^^^^^^^^^^^^^^^^^^^^^^^^^^^^^^^^^^^^^^^^^^^^^^^^  
2017-04-28 19:29:14,935 main INFO  common.Utilities - Execution Started Method testPasswordMismatch
2017-04-28 19:29:23,043 main INFO  patient.RegisterPage - Email: 28April2017_072922_@heal.com
2017-04-28 19:29:23,374 main INFO  patient.RegisterPage - Password: Testing
2017-04-28 19:29:35,324 main INFO  patient.RegisterTest - Verification Sucessfully.
Expected Result = Passwords Do Not Match.
Actual Result = Passwords Do Not Match.
2017-04-28 19:29:35,325 main INFO  common.Utilities - Execution Started Method testPasswordMismatch
2017-04-28 19:29:35,327 main INFO  common.CustomListener - testPasswordMismatch--                 ^^^^^^^^^^^^^^^^^^^^^^^^^^^^^^^^^^^^^^^^^^^^^^^^^^^^^^^^^^^ 
2017-04-28 19:29:35,327 main INFO  common.CustomListener - testPasswordMismatch--                           OOO    KK KK     PPPPP      AA     SSSSSS SSSSSS  
2017-04-28 19:29:35,328 main INFO  common.CustomListener - testPasswordMismatch--                          OO OO   KKK    == PP PPP    AAAA    SSS    SSS     
2017-04-28 19:29:35,328 main INFO  common.CustomListener - testPasswordMismatch--                           OOO    KK KK     PPPPP    AA  AA   SSSSSS SSSSSS  
2017-04-28 19:29:35,328 main INFO  common.CustomListener - testPasswordMismatch--                                            PP      AAAAAAAA     SSS    SSS  
2017-04-28 19:29:35,328 main INFO  common.CustomListener - testPasswordMismatch--                                            PP     AA      AA SSSSSS SSSSSS  
2017-04-28 19:29:35,328 main INFO  common.CustomListener - testPasswordMismatch--                 ^^^^^^^^^^^^^^^^^^^^^^^^^^^^^^^^^^^^^^^^^^^^^^^^^^^^^^^^^^  
2017-04-28 19:29:35,332 main INFO  common.Utilities - Execution Started Method testConsistentErrorMessageForBlankFiled
2017-04-28 19:29:42,076 main INFO  patient.RegisterPage - Loaded URL: https://patient-dev.heal.com
2017-04-28 19:29:44,587 main INFO  patient.RegisterPage - Email: 28April2017_072943_@heal.com
2017-04-28 19:29:56,333 main INFO  patient.RegisterTest - Verification Sucessfully.
Expected Result = Password Is Required
Actual Result = Password Is Required
2017-04-28 19:30:06,671 main INFO  patient.RegisterTest - Verification Sucessfully.
Expected Result = Password Is Required
Actual Result = Password Is Required
2017-04-28 19:30:16,820 main INFO  patient.RegisterTest - Verification Sucessfully.
Expected Result = Last Name Is Required
Actual Result = Last Name Is Required
2017-04-28 19:30:16,821 main INFO  common.Utilities - Execution Started Method testConsistentErrorMessageForBlankFiled
2017-04-28 19:30:16,824 main INFO  common.CustomListener - testConsistentErrorMessageForBlankFiled--                 ^^^^^^^^^^^^^^^^^^^^^^^^^^^^^^^^^^^^^^^^^^^^^^^^^^^^^^^^^^^ 
2017-04-28 19:30:16,824 main INFO  common.CustomListener - testConsistentErrorMessageForBlankFiled--                           OOO    KK KK     PPPPP      AA     SSSSSS SSSSSS  
2017-04-28 19:30:16,824 main INFO  common.CustomListener - testConsistentErrorMessageForBlankFiled--                          OO OO   KKK    == PP PPP    AAAA    SSS    SSS     
2017-04-28 19:30:16,825 main INFO  common.CustomListener - testConsistentErrorMessageForBlankFiled--                           OOO    KK KK     PPPPP    AA  AA   SSSSSS SSSSSS  
2017-04-28 19:30:16,825 main INFO  common.CustomListener - testConsistentErrorMessageForBlankFiled--                                            PP      AAAAAAAA     SSS    SSS  
2017-04-28 19:30:16,825 main INFO  common.CustomListener - testConsistentErrorMessageForBlankFiled--                                            PP     AA      AA SSSSSS SSSSSS  
2017-04-28 19:30:16,825 main INFO  common.CustomListener - testConsistentErrorMessageForBlankFiled--                 ^^^^^^^^^^^^^^^^^^^^^^^^^^^^^^^^^^^^^^^^^^^^^^^^^^^^^^^^^^  
2017-04-28 19:30:16,829 main INFO  common.Utilities - Execution Started Method testInvalidPhoneNumber
2017-04-28 19:30:25,097 main INFO  patient.RegisterPage - Email: 28April2017_073023_@heal.com
2017-04-28 19:30:25,604 main INFO  patient.RegisterPage - Password: Heal@123
2017-04-28 19:30:37,768 main INFO  patient.RegisterTest - Verification Sucessfully.
Expected Result = Invalid Phone Number
Actual Result = Invalid Phone Number
2017-04-28 19:30:48,668 main INFO  patient.RegisterTest - Verification Sucessfully.
Expected Result = Invalid Phone Number
Actual Result = Invalid Phone Number
2017-04-28 19:30:48,669 main INFO  common.Utilities - Execution Ended Method testInvalidPhoneNumber
2017-04-28 19:30:48,672 main INFO  common.CustomListener - testInvalidPhoneNumber--                 ^^^^^^^^^^^^^^^^^^^^^^^^^^^^^^^^^^^^^^^^^^^^^^^^^^^^^^^^^^^ 
2017-04-28 19:30:48,672 main INFO  common.CustomListener - testInvalidPhoneNumber--                           OOO    KK KK     PPPPP      AA     SSSSSS SSSSSS  
2017-04-28 19:30:48,672 main INFO  common.CustomListener - testInvalidPhoneNumber--                          OO OO   KKK    == PP PPP    AAAA    SSS    SSS     
2017-04-28 19:30:48,672 main INFO  common.CustomListener - testInvalidPhoneNumber--                           OOO    KK KK     PPPPP    AA  AA   SSSSSS SSSSSS  
2017-04-28 19:30:48,672 main INFO  common.CustomListener - testInvalidPhoneNumber--                                            PP      AAAAAAAA     SSS    SSS  
2017-04-28 19:30:48,672 main INFO  common.CustomListener - testInvalidPhoneNumber--                                            PP     AA      AA SSSSSS SSSSSS  
2017-04-28 19:30:48,673 main INFO  common.CustomListener - testInvalidPhoneNumber--                 ^^^^^^^^^^^^^^^^^^^^^^^^^^^^^^^^^^^^^^^^^^^^^^^^^^^^^^^^^^  
2017-04-28 19:30:48,675 main INFO  common.Utilities - Execution Started Method testValidInvalidEmailAddress
2017-04-28 19:30:55,133 main INFO  patient.RegisterPage - Loaded URL: https://patient-dev.heal.com
2017-04-28 19:30:58,015 main INFO  patient.RegisterPage - Email: 28April2017_073056_@heal.com
2017-04-28 19:30:58,576 main INFO  patient.RegisterPage - Password: Heal@123
2017-04-28 19:31:11,647 main INFO  patient.RegisterTest - Verification Sucessfully.
Expected Result = Use your email as a valid username, (e.g. email@example.com)
Actual Result = Use your email as a valid username, (e.g. email@example.com)
2017-04-28 19:31:22,681 main INFO  patient.RegisterTest - Verification Sucessfully.
Expected Result = Use your email as a valid username, (e.g. email@example.com)
Actual Result = Use your email as a valid username, (e.g. email@example.com)
2017-04-28 19:31:33,586 main INFO  patient.RegisterTest - Verification Sucessfully.
Expected Result = Use your email as a valid username, (e.g. email@example.com)
Actual Result = Use your email as a valid username, (e.g. email@example.com)
2017-04-28 19:31:45,037 main INFO  patient.RegisterTest - Verification Sucessfully.
Expected Result = Use your email as a valid username, (e.g. email@example.com)
Actual Result = Use your email as a valid username, (e.g. email@example.com)
2017-04-28 19:31:56,275 main INFO  patient.RegisterTest - Verification Sucessfully.
Expected Result = Use your email as a valid username, (e.g. email@example.com)
Actual Result = Use your email as a valid username, (e.g. email@example.com)
2017-04-28 19:31:58,840 main INFO  patient.RegisterPage - Email: 28April2017_073157_@heal.com
2017-04-28 19:31:59,403 main INFO  patient.RegisterPage - Password: Heal@123
2017-04-28 19:32:12,218 main INFO  patient.RegisterTest - Verification Sucessfully.
Expected Result = TestFirstName TestLastName
Actual Result = TestFirstName TestLastName
2017-04-28 19:32:15,418 main INFO  patient.HealPatientLoginPage - Logged Out
2017-04-28 19:32:15,419 main INFO  common.Utilities - Execution Ended Method testValidInvalidEmailAddress
2017-04-28 19:32:15,422 main INFO  common.CustomListener - testValidInvalidEmailAddress--                 ^^^^^^^^^^^^^^^^^^^^^^^^^^^^^^^^^^^^^^^^^^^^^^^^^^^^^^^^^^^ 
2017-04-28 19:32:15,422 main INFO  common.CustomListener - testValidInvalidEmailAddress--                           OOO    KK KK     PPPPP      AA     SSSSSS SSSSSS  
2017-04-28 19:32:15,422 main INFO  common.CustomListener - testValidInvalidEmailAddress--                          OO OO   KKK    == PP PPP    AAAA    SSS    SSS     
2017-04-28 19:32:15,422 main INFO  common.CustomListener - testValidInvalidEmailAddress--                           OOO    KK KK     PPPPP    AA  AA   SSSSSS SSSSSS  
2017-04-28 19:32:15,422 main INFO  common.CustomListener - testValidInvalidEmailAddress--                                            PP      AAAAAAAA     SSS    SSS  
2017-04-28 19:32:15,422 main INFO  common.CustomListener - testValidInvalidEmailAddress--                                            PP     AA      AA SSSSSS SSSSSS  
2017-04-28 19:32:15,423 main INFO  common.CustomListener - testValidInvalidEmailAddress--                 ^^^^^^^^^^^^^^^^^^^^^^^^^^^^^^^^^^^^^^^^^^^^^^^^^^^^^^^^^^  
2017-04-28 19:32:15,425 main INFO  common.Utilities - Execution Started Method testValidInvalidPassword
2017-04-28 19:32:20,734 main INFO  patient.RegisterPage - Loaded URL: https://patient-dev.heal.com
2017-04-28 19:32:23,688 main INFO  patient.RegisterPage - Email: 28April2017_073222_@heal.com
2017-04-28 19:32:24,196 main INFO  patient.RegisterPage - Password: Heal@123
2017-04-28 19:32:37,282 main INFO  patient.RegisterTest - Verification Sucessfully.
Expected Result = Password must contain 1 Uppercase letter, 1 Lowercase letter, 1 Number and a Minimum of 8 characters
Actual Result = Password must contain 1 Uppercase letter, 1 Lowercase letter, 1 Number and a Minimum of 8 characters
2017-04-28 19:32:48,592 main INFO  patient.RegisterTest - Verification Sucessfully.
Expected Result = Password must contain 1 Uppercase letter, 1 Lowercase letter, 1 Number and a Minimum of 8 characters
Actual Result = Password must contain 1 Uppercase letter, 1 Lowercase letter, 1 Number and a Minimum of 8 characters
2017-04-28 19:33:00,107 main INFO  patient.RegisterTest - Verification Sucessfully.
Expected Result = Password must contain 1 Uppercase letter, 1 Lowercase letter, 1 Number and a Minimum of 8 characters
Actual Result = Password must contain 1 Uppercase letter, 1 Lowercase letter, 1 Number and a Minimum of 8 characters
2017-04-28 19:33:11,423 main INFO  patient.RegisterTest - Verification Sucessfully.
Expected Result = Password must contain 1 Uppercase letter, 1 Lowercase letter, 1 Number and a Minimum of 8 characters
Actual Result = Password must contain 1 Uppercase letter, 1 Lowercase letter, 1 Number and a Minimum of 8 characters
2017-04-28 19:33:22,684 main INFO  patient.RegisterTest - Verification Sucessfully.
Expected Result = Password must contain 1 Uppercase letter, 1 Lowercase letter, 1 Number and a Minimum of 8 characters
Actual Result = Password must contain 1 Uppercase letter, 1 Lowercase letter, 1 Number and a Minimum of 8 characters
2017-04-28 19:33:33,819 main INFO  patient.RegisterTest - Verification Sucessfully.
Expected Result = Password must contain 1 Uppercase letter, 1 Lowercase letter, 1 Number and a Minimum of 8 characters
Actual Result = Password must contain 1 Uppercase letter, 1 Lowercase letter, 1 Number and a Minimum of 8 characters
2017-04-28 19:33:45,121 main INFO  patient.RegisterTest - Verification Sucessfully.
Expected Result = Password must contain 1 Uppercase letter, 1 Lowercase letter, 1 Number and a Minimum of 8 characters
Actual Result = Password must contain 1 Uppercase letter, 1 Lowercase letter, 1 Number and a Minimum of 8 characters
2017-04-28 19:33:56,480 main INFO  patient.RegisterTest - Verification Sucessfully.
Expected Result = Password must contain 1 Uppercase letter, 1 Lowercase letter, 1 Number and a Minimum of 8 characters
Actual Result = Password must contain 1 Uppercase letter, 1 Lowercase letter, 1 Number and a Minimum of 8 characters
2017-04-28 19:34:07,410 main INFO  patient.RegisterTest - Verification Sucessfully.
Expected Result = Password must contain 1 Uppercase letter, 1 Lowercase letter, 1 Number and a Minimum of 8 characters
Actual Result = Password must contain 1 Uppercase letter, 1 Lowercase letter, 1 Number and a Minimum of 8 characters
2017-04-28 19:34:17,545 main INFO  patient.RegisterTest - Verification Sucessfully.
Expected Result = Password Is Required
Actual Result = Password Is Required
2017-04-28 19:34:27,680 main INFO  patient.RegisterTest - Verification Sucessfully.
Expected Result = Passwords Do Not Match.
Actual Result = Passwords Do Not Match.
2017-04-28 19:34:30,121 main INFO  patient.RegisterPage - Email: 28April2017_073429_@heal.com
2017-04-28 19:34:30,480 main INFO  patient.RegisterPage - Password: Heal@123
2017-04-28 19:34:43,133 main INFO  patient.RegisterTest - Verification Sucessfully.
Expected Result = TestFirstName TestLastName
Actual Result = TestFirstName TestLastName
2017-04-28 19:34:47,345 main INFO  patient.HealPatientLoginPage - Logged Out
2017-04-28 19:34:47,345 main INFO  common.Utilities - Execution Ended Method testValidInvalidPassword
2017-04-28 19:34:47,348 main INFO  common.CustomListener - testValidInvalidPassword--                 ^^^^^^^^^^^^^^^^^^^^^^^^^^^^^^^^^^^^^^^^^^^^^^^^^^^^^^^^^^^ 
2017-04-28 19:34:47,348 main INFO  common.CustomListener - testValidInvalidPassword--                           OOO    KK KK     PPPPP      AA     SSSSSS SSSSSS  
2017-04-28 19:34:47,348 main INFO  common.CustomListener - testValidInvalidPassword--                          OO OO   KKK    == PP PPP    AAAA    SSS    SSS     
2017-04-28 19:34:47,348 main INFO  common.CustomListener - testValidInvalidPassword--                           OOO    KK KK     PPPPP    AA  AA   SSSSSS SSSSSS  
2017-04-28 19:34:47,348 main INFO  common.CustomListener - testValidInvalidPassword--                                            PP      AAAAAAAA     SSS    SSS  
2017-04-28 19:34:47,349 main INFO  common.CustomListener - testValidInvalidPassword--                                            PP     AA      AA SSSSSS SSSSSS  
2017-04-28 19:34:47,349 main INFO  common.CustomListener - testValidInvalidPassword--                 ^^^^^^^^^^^^^^^^^^^^^^^^^^^^^^^^^^^^^^^^^^^^^^^^^^^^^^^^^^  
2017-04-28 19:34:47,352 main INFO  common.Utilities - Execution Started Method testNormsAndConditionsLink
2017-04-28 19:34:53,116 main INFO  patient.RegisterPage - Loaded URL: https://patient-dev.heal.com
2017-04-28 19:35:05,889 main INFO  patient.RegisterTest - Verification Successfully.
Expected Result = https://heal.com/privacy.php
Actual Result = https://heal.com/privacy.php
2017-04-28 19:35:05,911 main INFO  patient.RegisterTest - Verification Sucessfully.
Expected Result = Heal – Our Privacy Policy
Actual Result = Heal – Our Privacy Policy
2017-04-28 19:35:16,067 main INFO  patient.RegisterTest - Verification Sucessfully.
Expected Result = HEAL PRIVACY POLICY
Actual Result = HEAL PRIVACY POLICY
2017-04-28 19:35:19,798 main INFO  patient.RegisterTest - Verification Successfully.
Expected Result = https://heal.com/terms.php
Actual Result = https://heal.com/terms.php
2017-04-28 19:35:19,813 main INFO  patient.RegisterTest - Verification Sucessfully.
Expected Result = Heal – Terms and Conditions
Actual Result = Heal – Terms and Conditions
2017-04-28 19:35:29,912 main INFO  patient.RegisterTest - Verification Sucessfully.
Expected Result = TERMS OF SERVICE FOR HEAL
Actual Result = TERMS OF SERVICE FOR HEAL
2017-04-28 19:35:32,888 main INFO  patient.RegisterTest - Verification Successfully.
Expected Result = https://heal.com/practices.php
Actual Result = https://heal.com/practices.php
2017-04-28 19:35:32,902 main INFO  patient.RegisterTest - Verification Sucessfully.
Expected Result = Heal – Notice of Privacy Practices
Actual Result = Heal – Notice of Privacy Practices
2017-04-28 19:35:43,000 main INFO  patient.RegisterTest - Verification Sucessfully.
Expected Result = HEAL™
NOTICE OF PRIVACY PRACTICES
Actual Result = HEAL™
NOTICE OF PRIVACY PRACTICES
2017-04-28 19:35:50,563 main INFO  patient.RegisterTest - Verification Successfully.
Expected Result = https://heal.com/nondiscrimination.php
Actual Result = https://heal.com/nondiscrimination.php
2017-04-28 19:35:50,576 main INFO  patient.RegisterTest - Verification Sucessfully.
Expected Result = Heal – Nondiscrimination
Actual Result = Heal – Nondiscrimination
2017-04-28 19:36:00,709 main INFO  patient.RegisterTest - Verification Sucessfully.
Expected Result = Notice Informing Individuals About Nondiscrimination and Accessibility Requirements
Actual Result = Notice Informing Individuals About Nondiscrimination and Accessibility Requirements
2017-04-28 19:36:00,710 main INFO  common.Utilities - Execution Ended Method testNormsAndConditionsLink
2017-04-28 19:36:00,713 main INFO  common.CustomListener - testNormsAndConditionsLink--                 ^^^^^^^^^^^^^^^^^^^^^^^^^^^^^^^^^^^^^^^^^^^^^^^^^^^^^^^^^^^ 
2017-04-28 19:36:00,713 main INFO  common.CustomListener - testNormsAndConditionsLink--                           OOO    KK KK     PPPPP      AA     SSSSSS SSSSSS  
2017-04-28 19:36:00,713 main INFO  common.CustomListener - testNormsAndConditionsLink--                          OO OO   KKK    == PP PPP    AAAA    SSS    SSS     
2017-04-28 19:36:00,713 main INFO  common.CustomListener - testNormsAndConditionsLink--                           OOO    KK KK     PPPPP    AA  AA   SSSSSS SSSSSS  
2017-04-28 19:36:00,713 main INFO  common.CustomListener - testNormsAndConditionsLink--                                            PP      AAAAAAAA     SSS    SSS  
2017-04-28 19:36:00,713 main INFO  common.CustomListener - testNormsAndConditionsLink--                                            PP     AA      AA SSSSSS SSSSSS  
2017-04-28 19:36:00,713 main INFO  common.CustomListener - testNormsAndConditionsLink--                 ^^^^^^^^^^^^^^^^^^^^^^^^^^^^^^^^^^^^^^^^^^^^^^^^^^^^^^^^^^  
2017-04-28 19:36:00,718 main INFO  common.Utilities - Execution Started Method testElementsOfBookVisitPage
2017-04-28 19:36:08,549 main INFO  patient.HealPatientLoginPage - Logged in with email: AutoTest_18-62Years@heal.com 
2017-04-28 19:36:17,092 main INFO  patient.HealPatientLoginPage - Logged In
2017-04-28 19:36:18,610 main INFO  patient.RegisterTest - Verification Sucessfully.
Expected Result = Heal - Patient Portal
Actual Result = Heal - Patient Portal
2017-04-28 19:36:28,769 main INFO  patient.RegisterTest - Verification Sucessfully.
Expected Result = Home
Actual Result = Home
2017-04-28 19:36:38,870 main INFO  patient.RegisterTest - Verification Sucessfully.
Expected Result = Book Visit
Actual Result = Book Visit
2017-04-28 19:36:49,024 main INFO  patient.RegisterTest - Verification Sucessfully.
Expected Result = Visits
Actual Result = Visits
2017-04-28 19:36:59,152 main INFO  patient.RegisterTest - Verification Sucessfully.
Expected Result = Profiles
Actual Result = Profiles
2017-04-28 19:37:09,348 main INFO  patient.RegisterTest - Verification Sucessfully.
Expected Result = Payment Methods
Actual Result = Payment Methods
2017-04-28 19:37:19,502 main INFO  patient.RegisterTest - Verification Sucessfully.
Expected Result = Sign Out
Actual Result = Sign Out
2017-04-28 19:37:30,026 main INFO  patient.RegisterTest - Verification Sucessfully.
Expected Result = Privacy Policy
Actual Result = Privacy Policy
2017-04-28 19:37:40,171 main INFO  patient.RegisterTest - Verification Sucessfully.
Expected Result = Terms of Service
Actual Result = Terms of Service
2017-04-28 19:37:50,299 main INFO  patient.RegisterTest - Verification Sucessfully.
Expected Result = Notice of Privacy Practices
Actual Result = Notice of Privacy Practices
2017-04-28 19:38:00,438 main INFO  patient.RegisterTest - Verification Sucessfully.
Expected Result = Nondiscrimination Notice
Actual Result = Nondiscrimination Notice
2017-04-28 19:38:10,567 main INFO  patient.RegisterTest - Verification Sucessfully.
Expected Result = Having trouble? Call Heal 1-844-644-4325 (HEAL) or email support@heal.com.
Actual Result = Having trouble? Call Heal 1-844-644-4325 (HEAL) or email support@heal.com.
2017-04-28 19:38:21,267 main INFO  patient.RegisterTest - Verification Sucessfully.
Expected Result = Is this a life-threatening medical emergency?
Actual Result = Is this a life-threatening medical emergency?
2017-04-28 19:38:31,520 main INFO  patient.RegisterTest - Verification Sucessfully.
Expected Result = Yes
Actual Result = Yes
2017-04-28 19:38:41,762 main INFO  patient.RegisterTest - Verification Sucessfully.
Expected Result = No
Actual Result = No
2017-04-28 19:38:52,326 main INFO  patient.RegisterTest - Verification Sucessfully.
Expected Result = AutoTest 18-62Years
Actual Result = AutoTest 18-62Years
2017-04-28 19:38:56,458 main INFO  patient.HealPatientLoginPage - Logged Out
2017-04-28 19:38:56,459 main INFO  common.Utilities - Execution Ended Method testElementsOfBookVisitPage
2017-04-28 19:38:56,461 main INFO  common.CustomListener - testElementsOfBookVisitPage--                 ^^^^^^^^^^^^^^^^^^^^^^^^^^^^^^^^^^^^^^^^^^^^^^^^^^^^^^^^^^^ 
2017-04-28 19:38:56,461 main INFO  common.CustomListener - testElementsOfBookVisitPage--                           OOO    KK KK     PPPPP      AA     SSSSSS SSSSSS  
2017-04-28 19:38:56,461 main INFO  common.CustomListener - testElementsOfBookVisitPage--                          OO OO   KKK    == PP PPP    AAAA    SSS    SSS     
2017-04-28 19:38:56,462 main INFO  common.CustomListener - testElementsOfBookVisitPage--                           OOO    KK KK     PPPPP    AA  AA   SSSSSS SSSSSS  
2017-04-28 19:38:56,462 main INFO  common.CustomListener - testElementsOfBookVisitPage--                                            PP      AAAAAAAA     SSS    SSS  
2017-04-28 19:38:56,462 main INFO  common.CustomListener - testElementsOfBookVisitPage--                                            PP     AA      AA SSSSSS SSSSSS  
2017-04-28 19:38:56,462 main INFO  common.CustomListener - testElementsOfBookVisitPage--                 ^^^^^^^^^^^^^^^^^^^^^^^^^^^^^^^^^^^^^^^^^^^^^^^^^^^^^^^^^^  
2017-04-28 19:38:56,465 main INFO  common.Utilities - Execution Started Method testYesEmergencyCase
2017-04-28 19:39:03,750 main INFO  patient.HealPatientLoginPage - Logged in with email: AutoTest_18-62Years@heal.com 
2017-04-28 19:39:13,094 main INFO  patient.HealPatientLoginPage - Logged In
2017-04-28 19:39:24,717 main INFO  patient.RegisterTest - Verification Sucessfully.
Expected Result = Is this a life-threatening medical emergency?
Actual Result = Is this a life-threatening medical emergency?
2017-04-28 19:39:35,279 main INFO  patient.RegisterTest - Verification Sucessfully.
Expected Result = Heal is not suitable for medical emergencies. Please dial 911.
Actual Result = Heal is not suitable for medical emergencies. Please dial 911.
2017-04-28 19:39:45,657 main INFO  patient.RegisterTest - Verification Sucessfully.
Expected Result = Is this a life-threatening medical emergency?
Actual Result = Is this a life-threatening medical emergency?
2017-04-28 19:39:49,715 main INFO  patient.HealPatientLoginPage - Logged Out
2017-04-28 19:39:49,716 main INFO  common.Utilities - Execution Ended Method testYesEmergencyCase
2017-04-28 19:39:49,718 main INFO  common.CustomListener - testYesEmergencyCase--                 ^^^^^^^^^^^^^^^^^^^^^^^^^^^^^^^^^^^^^^^^^^^^^^^^^^^^^^^^^^^ 
2017-04-28 19:39:49,718 main INFO  common.CustomListener - testYesEmergencyCase--                           OOO    KK KK     PPPPP      AA     SSSSSS SSSSSS  
2017-04-28 19:39:49,718 main INFO  common.CustomListener - testYesEmergencyCase--                          OO OO   KKK    == PP PPP    AAAA    SSS    SSS     
2017-04-28 19:39:49,718 main INFO  common.CustomListener - testYesEmergencyCase--                           OOO    KK KK     PPPPP    AA  AA   SSSSSS SSSSSS  
2017-04-28 19:39:49,718 main INFO  common.CustomListener - testYesEmergencyCase--                                            PP      AAAAAAAA     SSS    SSS  
2017-04-28 19:39:49,718 main INFO  common.CustomListener - testYesEmergencyCase--                                            PP     AA      AA SSSSSS SSSSSS  
2017-04-28 19:39:49,719 main INFO  common.CustomListener - testYesEmergencyCase--                 ^^^^^^^^^^^^^^^^^^^^^^^^^^^^^^^^^^^^^^^^^^^^^^^^^^^^^^^^^^  
2017-04-28 19:39:49,722 main INFO  common.Utilities - Execution Started Method testCheckRedirectToPaymentMethods
2017-04-28 19:39:56,430 main INFO  patient.HealPatientLoginPage - Logged in with email: AutoTest_18-62Years@heal.com 
2017-04-28 19:40:04,516 main INFO  patient.HealPatientLoginPage - Logged In
2017-04-28 19:40:18,836 main INFO  patient.RegisterTest - Verification Sucessfully.
Expected Result = Payments
Actual Result = Payments
2017-04-28 19:40:22,665 main INFO  patient.HealPatientLoginPage - Logged Out
2017-04-28 19:40:22,666 main INFO  common.Utilities - Execution Ended Method testCheckRedirectToPaymentMethods
2017-04-28 19:40:22,668 main INFO  common.CustomListener - testCheckRedirectToPaymentMethods--                 ^^^^^^^^^^^^^^^^^^^^^^^^^^^^^^^^^^^^^^^^^^^^^^^^^^^^^^^^^^^ 
2017-04-28 19:40:22,668 main INFO  common.CustomListener - testCheckRedirectToPaymentMethods--                           OOO    KK KK     PPPPP      AA     SSSSSS SSSSSS  
2017-04-28 19:40:22,668 main INFO  common.CustomListener - testCheckRedirectToPaymentMethods--                          OO OO   KKK    == PP PPP    AAAA    SSS    SSS     
2017-04-28 19:40:22,668 main INFO  common.CustomListener - testCheckRedirectToPaymentMethods--                           OOO    KK KK     PPPPP    AA  AA   SSSSSS SSSSSS  
2017-04-28 19:40:22,669 main INFO  common.CustomListener - testCheckRedirectToPaymentMethods--                                            PP      AAAAAAAA     SSS    SSS  
2017-04-28 19:40:22,669 main INFO  common.CustomListener - testCheckRedirectToPaymentMethods--                                            PP     AA      AA SSSSSS SSSSSS  
2017-04-28 19:40:22,669 main INFO  common.CustomListener - testCheckRedirectToPaymentMethods--                 ^^^^^^^^^^^^^^^^^^^^^^^^^^^^^^^^^^^^^^^^^^^^^^^^^^^^^^^^^^  
2017-04-28 19:40:22,672 main INFO  common.Utilities - Execution Started Method testElementsOfPayment
2017-04-28 19:40:22,672 main INFO  patient.RegisterPage - .....Heal New Patient Registration......
2017-04-28 19:40:30,269 main INFO  patient.RegisterPage - Email: 28April2017_074028_@heal.com
2017-04-28 19:40:30,864 main INFO  patient.RegisterPage - Password: Heal@123
2017-04-28 19:40:44,436 main INFO  patient.RegisterTest - Verification Sucessfully.
Expected Result = Heal - Patient Portal
Actual Result = Heal - Patient Portal
2017-04-28 19:40:54,572 main INFO  patient.RegisterTest - Verification Sucessfully.
Expected Result = Home
Actual Result = Home
2017-04-28 19:41:04,734 main INFO  patient.RegisterTest - Verification Sucessfully.
Expected Result = Book Visit
Actual Result = Book Visit
2017-04-28 19:41:14,880 main INFO  patient.RegisterTest - Verification Sucessfully.
Expected Result = Visits
Actual Result = Visits
2017-04-28 19:41:25,067 main INFO  patient.RegisterTest - Verification Sucessfully.
Expected Result = Profiles
Actual Result = Profiles
2017-04-28 19:41:35,217 main INFO  patient.RegisterTest - Verification Sucessfully.
Expected Result = Payment Methods
Actual Result = Payment Methods
2017-04-28 19:41:45,455 main INFO  patient.RegisterTest - Verification Sucessfully.
Expected Result = Sign Out
Actual Result = Sign Out
2017-04-28 19:41:55,607 main INFO  patient.RegisterTest - Verification Sucessfully.
Expected Result = Privacy Policy
Actual Result = Privacy Policy
2017-04-28 19:42:05,788 main INFO  patient.RegisterTest - Verification Sucessfully.
Expected Result = Terms of Service
Actual Result = Terms of Service
2017-04-28 19:42:15,928 main INFO  patient.RegisterTest - Verification Sucessfully.
Expected Result = Notice of Privacy Practices
Actual Result = Notice of Privacy Practices
2017-04-28 19:42:26,054 main INFO  patient.RegisterTest - Verification Sucessfully.
Expected Result = Nondiscrimination Notice
Actual Result = Nondiscrimination Notice
2017-04-28 19:42:36,189 main INFO  patient.RegisterTest - Verification Sucessfully.
Expected Result = Having trouble? Call Heal 1-844-644-4325 (HEAL) or email support@heal.com.
Actual Result = Having trouble? Call Heal 1-844-644-4325 (HEAL) or email support@heal.com.
2017-04-28 19:42:46,801 main INFO  patient.RegisterTest - Verification Sucessfully.
Expected Result = Payments
Actual Result = Payments
2017-04-28 19:42:56,931 main INFO  patient.RegisterTest - Verification Sucessfully.
Expected Result = Add Payment Method
Actual Result = Add Payment Method
2017-04-28 19:43:07,068 main INFO  patient.RegisterTest - Verification Sucessfully.
Expected Result = Card Number
Actual Result = Card Number
2017-04-28 19:43:17,201 main INFO  patient.RegisterTest - Verification Sucessfully.
Expected Result = Expiration
Actual Result = Expiration
2017-04-28 19:43:27,327 main INFO  patient.RegisterTest - Verification Sucessfully.
Expected Result = Security Code (CVC)
Actual Result = Security Code (CVC)
2017-04-28 19:43:37,461 main INFO  patient.RegisterTest - Verification Sucessfully.
Expected Result = Apply Card
Actual Result = Apply Card
2017-04-28 19:43:42,165 main INFO  patient.HealPatientLoginPage - Logged Out
2017-04-28 19:43:42,166 main INFO  common.Utilities - Execution Ended Method testElementsOfPayment
2017-04-28 19:43:42,168 main INFO  common.CustomListener - testElementsOfPayment--                 ^^^^^^^^^^^^^^^^^^^^^^^^^^^^^^^^^^^^^^^^^^^^^^^^^^^^^^^^^^^ 
2017-04-28 19:43:42,169 main INFO  common.CustomListener - testElementsOfPayment--                           OOO    KK KK     PPPPP      AA     SSSSSS SSSSSS  
2017-04-28 19:43:42,169 main INFO  common.CustomListener - testElementsOfPayment--                          OO OO   KKK    == PP PPP    AAAA    SSS    SSS     
2017-04-28 19:43:42,169 main INFO  common.CustomListener - testElementsOfPayment--                           OOO    KK KK     PPPPP    AA  AA   SSSSSS SSSSSS  
2017-04-28 19:43:42,169 main INFO  common.CustomListener - testElementsOfPayment--                                            PP      AAAAAAAA     SSS    SSS  
2017-04-28 19:43:42,169 main INFO  common.CustomListener - testElementsOfPayment--                                            PP     AA      AA SSSSSS SSSSSS  
2017-04-28 19:43:42,169 main INFO  common.CustomListener - testElementsOfPayment--                 ^^^^^^^^^^^^^^^^^^^^^^^^^^^^^^^^^^^^^^^^^^^^^^^^^^^^^^^^^^  
2017-04-28 19:43:42,172 main INFO  common.Utilities - Execution Started Method testInvalidCardNumber
2017-04-28 19:43:42,173 main INFO  patient.RegisterPage - .....Heal New Patient Registration......
2017-04-28 19:43:50,134 main INFO  patient.RegisterPage - Email: 28April2017_074348_@heal.com
2017-04-28 19:43:50,766 main INFO  patient.RegisterPage - Password: Heal@123
2017-04-28 19:44:20,246 main INFO  patient.RegisterTest - Verification Sucessfully.
Expected Result = Invalid Card Number
Actual Result = Invalid Card Number
2017-04-28 19:44:30,699 main INFO  patient.RegisterTest - Verification Sucessfully.
Expected Result = Must Enter Card Number
Actual Result = Must Enter Card Number
2017-04-28 19:44:34,228 main INFO  patient.HealPatientLoginPage - Logged Out
2017-04-28 19:44:34,229 main INFO  common.Utilities - Execution Ended Method testInvalidCardNumber
2017-04-28 19:44:34,231 main INFO  common.CustomListener - testInvalidCardNumber--                 ^^^^^^^^^^^^^^^^^^^^^^^^^^^^^^^^^^^^^^^^^^^^^^^^^^^^^^^^^^^ 
2017-04-28 19:44:34,231 main INFO  common.CustomListener - testInvalidCardNumber--                           OOO    KK KK     PPPPP      AA     SSSSSS SSSSSS  
2017-04-28 19:44:34,231 main INFO  common.CustomListener - testInvalidCardNumber--                          OO OO   KKK    == PP PPP    AAAA    SSS    SSS     
2017-04-28 19:44:34,231 main INFO  common.CustomListener - testInvalidCardNumber--                           OOO    KK KK     PPPPP    AA  AA   SSSSSS SSSSSS  
2017-04-28 19:44:34,232 main INFO  common.CustomListener - testInvalidCardNumber--                                            PP      AAAAAAAA     SSS    SSS  
2017-04-28 19:44:34,232 main INFO  common.CustomListener - testInvalidCardNumber--                                            PP     AA      AA SSSSSS SSSSSS  
2017-04-28 19:44:34,232 main INFO  common.CustomListener - testInvalidCardNumber--                 ^^^^^^^^^^^^^^^^^^^^^^^^^^^^^^^^^^^^^^^^^^^^^^^^^^^^^^^^^^  
2017-04-28 19:44:34,234 main INFO  common.Utilities - Execution Started Method testInvalidExpirationDate
2017-04-28 19:44:34,235 main INFO  patient.RegisterPage - .....Heal New Patient Registration......
2017-04-28 19:44:41,852 main INFO  patient.RegisterPage - Email: 28April2017_074440_@heal.com
2017-04-28 19:44:42,443 main INFO  patient.RegisterPage - Password: Heal@123
2017-04-28 19:45:12,515 main INFO  patient.RegisterTest - Verification Sucessfully.
Expected Result = Invalid Card Expiration Date
Actual Result = Invalid Card Expiration Date
2017-04-28 19:45:23,191 main INFO  patient.RegisterTest - Verification Sucessfully.
Expected Result = Invalid Card Expiration Date
Actual Result = Invalid Card Expiration Date
2017-04-28 19:45:33,979 main INFO  patient.RegisterTest - Verification Sucessfully.
Expected Result = Invalid Card Expiration Date
Actual Result = Invalid Card Expiration Date
2017-04-28 19:45:44,350 main INFO  patient.RegisterTest - Verification Sucessfully.
Expected Result = Must Enter Card Expiration Date
Actual Result = Must Enter Card Expiration Date
2017-04-28 19:45:48,247 main INFO  patient.HealPatientLoginPage - Logged Out
2017-04-28 19:45:48,247 main INFO  common.Utilities - Execution Ended Method testInvalidExpirationDate
2017-04-28 19:45:48,249 main INFO  common.CustomListener - testInvalidExpirationDate--                 ^^^^^^^^^^^^^^^^^^^^^^^^^^^^^^^^^^^^^^^^^^^^^^^^^^^^^^^^^^^ 
2017-04-28 19:45:48,250 main INFO  common.CustomListener - testInvalidExpirationDate--                           OOO    KK KK     PPPPP      AA     SSSSSS SSSSSS  
2017-04-28 19:45:48,250 main INFO  common.CustomListener - testInvalidExpirationDate--                          OO OO   KKK    == PP PPP    AAAA    SSS    SSS     
2017-04-28 19:45:48,250 main INFO  common.CustomListener - testInvalidExpirationDate--                           OOO    KK KK     PPPPP    AA  AA   SSSSSS SSSSSS  
2017-04-28 19:45:48,250 main INFO  common.CustomListener - testInvalidExpirationDate--                                            PP      AAAAAAAA     SSS    SSS  
2017-04-28 19:45:48,250 main INFO  common.CustomListener - testInvalidExpirationDate--                                            PP     AA      AA SSSSSS SSSSSS  
2017-04-28 19:45:48,251 main INFO  common.CustomListener - testInvalidExpirationDate--                 ^^^^^^^^^^^^^^^^^^^^^^^^^^^^^^^^^^^^^^^^^^^^^^^^^^^^^^^^^^  
2017-04-28 19:45:48,254 main INFO  common.Utilities - Execution Started Method testInvalidSecurityCode
2017-04-28 19:45:48,254 main INFO  patient.RegisterPage - .....Heal New Patient Registration......
2017-04-28 19:45:56,965 main INFO  patient.RegisterPage - Email: 28April2017_074555_@heal.com
2017-04-28 19:45:57,460 main INFO  patient.RegisterPage - Password: Heal@123
2017-04-28 19:46:26,478 main INFO  patient.RegisterTest - Verification Sucessfully.
Expected Result = Invalid Card Security Code
Actual Result = Invalid Card Security Code
2017-04-28 19:46:37,190 main INFO  patient.RegisterTest - Verification Sucessfully.
Expected Result = Invalid Card Security Code
Actual Result = Invalid Card Security Code
2017-04-28 19:46:47,899 main INFO  patient.RegisterTest - Verification Sucessfully.
Expected Result = Must Enter Card Security Code
Actual Result = Must Enter Card Security Code
2017-04-28 19:46:52,376 main INFO  patient.HealPatientLoginPage - Logged Out
2017-04-28 19:46:52,376 main INFO  common.Utilities - Execution Ended Method testInvalidSecurityCode
2017-04-28 19:46:52,378 main INFO  common.CustomListener - testInvalidSecurityCode--                 ^^^^^^^^^^^^^^^^^^^^^^^^^^^^^^^^^^^^^^^^^^^^^^^^^^^^^^^^^^^ 
2017-04-28 19:46:52,378 main INFO  common.CustomListener - testInvalidSecurityCode--                           OOO    KK KK     PPPPP      AA     SSSSSS SSSSSS  
2017-04-28 19:46:52,379 main INFO  common.CustomListener - testInvalidSecurityCode--                          OO OO   KKK    == PP PPP    AAAA    SSS    SSS     
2017-04-28 19:46:52,379 main INFO  common.CustomListener - testInvalidSecurityCode--                           OOO    KK KK     PPPPP    AA  AA   SSSSSS SSSSSS  
2017-04-28 19:46:52,379 main INFO  common.CustomListener - testInvalidSecurityCode--                                            PP      AAAAAAAA     SSS    SSS  
2017-04-28 19:46:52,379 main INFO  common.CustomListener - testInvalidSecurityCode--                                            PP     AA      AA SSSSSS SSSSSS  
2017-04-28 19:46:52,379 main INFO  common.CustomListener - testInvalidSecurityCode--                 ^^^^^^^^^^^^^^^^^^^^^^^^^^^^^^^^^^^^^^^^^^^^^^^^^^^^^^^^^^  
2017-04-28 19:46:52,382 main INFO  common.Utilities - Execution Started Method testExpiryDateWithMMYYFormat
2017-04-28 19:46:52,382 main INFO  patient.RegisterPage - .....Heal New Patient Registration......
2017-04-28 19:47:00,642 main INFO  patient.RegisterPage - Email: 28April2017_074659_@heal.com
2017-04-28 19:47:01,204 main INFO  patient.RegisterPage - Password: Heal@123
2017-04-28 19:47:31,401 main INFO  patient.RegisterTest - Verification Sucessfully.
Expected Result = Payments
Actual Result = Payments
2017-04-28 19:47:41,526 main INFO  patient.RegisterTest - Verification Sucessfully.
Expected Result = Payment Details
Actual Result = Payment Details
2017-04-28 19:47:51,775 main INFO  patient.RegisterTest - Verification Sucessfully.
Expected Result = 11/2029
Actual Result = 11/2029
2017-04-28 19:47:56,324 main INFO  patient.HealPatientLoginPage - Logged Out
2017-04-28 19:47:56,325 main INFO  common.Utilities - Execution Ended Method testExpiryDateWithMMYYFormat
2017-04-28 19:47:56,327 main INFO  common.CustomListener - testExpiryDateWithMMYYFormat--                 ^^^^^^^^^^^^^^^^^^^^^^^^^^^^^^^^^^^^^^^^^^^^^^^^^^^^^^^^^^^ 
2017-04-28 19:47:56,327 main INFO  common.CustomListener - testExpiryDateWithMMYYFormat--                           OOO    KK KK     PPPPP      AA     SSSSSS SSSSSS  
2017-04-28 19:47:56,327 main INFO  common.CustomListener - testExpiryDateWithMMYYFormat--                          OO OO   KKK    == PP PPP    AAAA    SSS    SSS     
2017-04-28 19:47:56,328 main INFO  common.CustomListener - testExpiryDateWithMMYYFormat--                           OOO    KK KK     PPPPP    AA  AA   SSSSSS SSSSSS  
2017-04-28 19:47:56,328 main INFO  common.CustomListener - testExpiryDateWithMMYYFormat--                                            PP      AAAAAAAA     SSS    SSS  
2017-04-28 19:47:56,328 main INFO  common.CustomListener - testExpiryDateWithMMYYFormat--                                            PP     AA      AA SSSSSS SSSSSS  
2017-04-28 19:47:56,328 main INFO  common.CustomListener - testExpiryDateWithMMYYFormat--                 ^^^^^^^^^^^^^^^^^^^^^^^^^^^^^^^^^^^^^^^^^^^^^^^^^^^^^^^^^^  
2017-04-28 19:47:56,331 main INFO  common.Utilities - Execution Started Method testSecurityCodeWith4Digits
2017-04-28 19:47:56,331 main INFO  patient.RegisterPage - .....Heal New Patient Registration......
2017-04-28 19:48:04,639 main INFO  patient.RegisterPage - Email: 28April2017_074803_@heal.com
2017-04-28 19:48:05,251 main INFO  patient.RegisterPage - Password: Heal@123
2017-04-28 19:48:33,365 main INFO  patient.RegisterTest - Verification Sucessfully.
Expected Result = Payments
Actual Result = Payments
2017-04-28 19:48:43,493 main INFO  patient.RegisterTest - Verification Sucessfully.
Expected Result = Payment Details
Actual Result = Payment Details
2017-04-28 19:48:43,494 main INFO  common.Utilities - Execution Ended Method testSecurityCodeWith4Digits
2017-04-28 19:48:43,496 main INFO  common.CustomListener - testSecurityCodeWith4Digits--                 ^^^^^^^^^^^^^^^^^^^^^^^^^^^^^^^^^^^^^^^^^^^^^^^^^^^^^^^^^^^ 
2017-04-28 19:48:43,498 main INFO  common.CustomListener - testSecurityCodeWith4Digits--                           OOO    KK KK     PPPPP      AA     SSSSSS SSSSSS  
2017-04-28 19:48:43,498 main INFO  common.CustomListener - testSecurityCodeWith4Digits--                          OO OO   KKK    == PP PPP    AAAA    SSS    SSS     
2017-04-28 19:48:43,498 main INFO  common.CustomListener - testSecurityCodeWith4Digits--                           OOO    KK KK     PPPPP    AA  AA   SSSSSS SSSSSS  
2017-04-28 19:48:43,498 main INFO  common.CustomListener - testSecurityCodeWith4Digits--                                            PP      AAAAAAAA     SSS    SSS  
2017-04-28 19:48:43,498 main INFO  common.CustomListener - testSecurityCodeWith4Digits--                                            PP     AA      AA SSSSSS SSSSSS  
2017-04-28 19:48:43,498 main INFO  common.CustomListener - testSecurityCodeWith4Digits--                 ^^^^^^^^^^^^^^^^^^^^^^^^^^^^^^^^^^^^^^^^^^^^^^^^^^^^^^^^^^  
